2022-06-27 17:05:13,688 [Worker-5: Loading available Gradle versions] INFO  o.e.b.c.i.u.g.PublishedGradleVersions - Gradle version information cache is up-to-date. Trying to read.
2022-06-27 17:05:46,125 [Worker-29: Building] INFO  o.e.m.c.i.l.LifecycleMappingFactory - Using org.eclipse.m2e.jdt.JarLifecycleMapping lifecycle mapping for MavenProject: com.revature:Project0new:0.0.1-SNAPSHOT @ C:\Users\Admin\Desktop\Project0\Gianmarco-Barone-main\Gianmarco-Barone-main\projects\Projectnew\pom.xml.
2022-06-27 17:05:46,557 [Worker-29: Building] WARN  o.e.m.c.i.embedder.EclipseLogger - Using platform encoding (Cp1252 actually) to copy filtered resources, i.e. build is platform dependent!
2022-06-27 17:05:46,558 [Worker-29: Building] INFO  o.e.m.c.i.embedder.EclipseLogger - skip non existing resourceDirectory C:\Users\Admin\Desktop\Project0\Gianmarco-Barone-main\Gianmarco-Barone-main\projects\Projectnew\src\main\resources
2022-06-27 17:05:46,560 [Worker-29: Building] WARN  o.e.m.c.i.embedder.EclipseLogger - Using platform encoding (Cp1252 actually) to copy filtered resources, i.e. build is platform dependent!
2022-06-27 17:05:46,561 [Worker-29: Building] INFO  o.e.m.c.i.embedder.EclipseLogger - skip non existing resourceDirectory C:\Users\Admin\Desktop\Project0\Gianmarco-Barone-main\Gianmarco-Barone-main\projects\Projectnew\src\test\resources
2022-06-27 17:05:46,953 [Worker-22: Updating Maven Dependencies] INFO  o.e.m.c.i.l.LifecycleMappingFactory - Using org.eclipse.m2e.jdt.JarLifecycleMapping lifecycle mapping for MavenProject: com.revature:Project0new:0.0.1-SNAPSHOT @ C:\Users\Admin\Desktop\Project0\Gianmarco-Barone-main\Gianmarco-Barone-main\projects\Projectnew\pom.xml.
2022-06-27 17:05:47,723 [Worker-1: Building] WARN  o.e.m.c.i.embedder.EclipseLogger - Using platform encoding (Cp1252 actually) to copy filtered resources, i.e. build is platform dependent!
2022-06-27 17:05:47,724 [Worker-1: Building] INFO  o.e.m.c.i.embedder.EclipseLogger - skip non existing resourceDirectory C:\Users\Admin\Desktop\Project0\Gianmarco-Barone-main\Gianmarco-Barone-main\projects\Projectnew\src\main\resources
2022-06-27 17:05:47,725 [Worker-1: Building] WARN  o.e.m.c.i.embedder.EclipseLogger - Using platform encoding (Cp1252 actually) to copy filtered resources, i.e. build is platform dependent!
2022-06-27 17:05:47,726 [Worker-1: Building] INFO  o.e.m.c.i.embedder.EclipseLogger - skip non existing resourceDirectory C:\Users\Admin\Desktop\Project0\Gianmarco-Barone-main\Gianmarco-Barone-main\projects\Projectnew\src\test\resources
2022-06-27 17:06:00,699 [Worker-35: Updating Maven Project] INFO  o.e.m.c.i.p.ProjectConfigurationManager - Update started
2022-06-27 17:06:00,863 [Worker-35: Updating Maven Project] INFO  o.e.m.c.i.l.LifecycleMappingFactory - Using org.eclipse.m2e.jdt.JarLifecycleMapping lifecycle mapping for MavenProject: com.revature:Project0new:0.0.1-SNAPSHOT @ C:\Users\Admin\Desktop\Project0\Gianmarco-Barone-main\Gianmarco-Barone-main\projects\Projectnew\pom.xml.
2022-06-27 17:06:00,937 [Worker-35: Updating Maven Project] INFO  o.e.m.j.i.AbstractJavaProjectConfigurator - Adding source folder /Project0new/src/main/java
2022-06-27 17:06:00,938 [Worker-35: Updating Maven Project] INFO  o.e.m.j.i.AbstractJavaProjectConfigurator - Adding source folder /Project0new/src/test/java
2022-06-27 17:06:01,040 [Worker-35: Updating Maven Project] INFO  o.e.m.c.i.p.ProjectConfigurationManager - Update completed: 0 sec
2022-06-27 17:06:01,435 [Worker-27: Building] WARN  o.e.m.c.i.embedder.EclipseLogger - Using platform encoding (Cp1252 actually) to copy filtered resources, i.e. build is platform dependent!
2022-06-27 17:06:01,437 [Worker-27: Building] INFO  o.e.m.c.i.embedder.EclipseLogger - skip non existing resourceDirectory C:\Users\Admin\Desktop\Project0\Gianmarco-Barone-main\Gianmarco-Barone-main\projects\Projectnew\src\main\resources
2022-06-27 17:06:01,439 [Worker-27: Building] WARN  o.e.m.c.i.embedder.EclipseLogger - Using platform encoding (Cp1252 actually) to copy filtered resources, i.e. build is platform dependent!
2022-06-27 17:06:01,440 [Worker-27: Building] INFO  o.e.m.c.i.embedder.EclipseLogger - skip non existing resourceDirectory C:\Users\Admin\Desktop\Project0\Gianmarco-Barone-main\Gianmarco-Barone-main\projects\Projectnew\src\test\resources
2022-06-27 17:06:22,083 [Worker-0: Loading available Gradle versions] INFO  o.e.b.c.i.u.g.PublishedGradleVersions - Gradle version information cache is up-to-date. Trying to read.
2022-06-27 17:52:10,023 [Worker-39: Building] WARN  o.e.m.c.i.embedder.EclipseLogger - Using platform encoding (Cp1252 actually) to copy filtered resources, i.e. build is platform dependent!
2022-06-27 17:52:10,025 [Worker-39: Building] INFO  o.e.m.c.i.embedder.EclipseLogger - skip non existing resourceDirectory C:\Users\Admin\Desktop\Project0\Gianmarco-Barone-main\Gianmarco-Barone-main\projects\Projectnew\src\main\resources
2022-06-27 17:52:10,027 [Worker-39: Building] WARN  o.e.m.c.i.embedder.EclipseLogger - Using platform encoding (Cp1252 actually) to copy filtered resources, i.e. build is platform dependent!
2022-06-27 17:52:10,028 [Worker-39: Building] INFO  o.e.m.c.i.embedder.EclipseLogger - skip non existing resourceDirectory C:\Users\Admin\Desktop\Project0\Gianmarco-Barone-main\Gianmarco-Barone-main\projects\Projectnew\src\test\resources
2022-06-27 21:08:09,840 [Worker-6: Loading available Gradle versions] INFO  o.e.b.c.i.u.g.PublishedGradleVersions - Gradle version information cache is up-to-date. Trying to read.
2022-06-27 21:16:17,625 [Worker-39: Building] WARN  o.e.m.c.i.embedder.EclipseLogger - Using platform encoding (Cp1252 actually) to copy filtered resources, i.e. build is platform dependent!
2022-06-27 21:16:17,628 [Worker-39: Building] INFO  o.e.m.c.i.embedder.EclipseLogger - skip non existing resourceDirectory C:\Users\Admin\Desktop\Project0\Gianmarco-Barone-main\Gianmarco-Barone-main\projects\Projectnew\src\main\resources
2022-06-27 21:16:17,630 [Worker-39: Building] WARN  o.e.m.c.i.embedder.EclipseLogger - Using platform encoding (Cp1252 actually) to copy filtered resources, i.e. build is platform dependent!
2022-06-27 21:16:17,630 [Worker-39: Building] INFO  o.e.m.c.i.embedder.EclipseLogger - skip non existing resourceDirectory C:\Users\Admin\Desktop\Project0\Gianmarco-Barone-main\Gianmarco-Barone-main\projects\Projectnew\src\test\resources
2022-06-27 21:17:06,501 [Worker-39: Launching Driver] WARN  o.e.m.c.i.embedder.EclipseLogger - Using platform encoding (Cp1252 actually) to copy filtered resources, i.e. build is platform dependent!
2022-06-27 21:17:06,503 [Worker-39: Launching Driver] INFO  o.e.m.c.i.embedder.EclipseLogger - skip non existing resourceDirectory C:\Users\Admin\Desktop\Project0\Gianmarco-Barone-main\Gianmarco-Barone-main\projects\Projectnew\src\main\resources
2022-06-27 21:17:06,505 [Worker-39: Launching Driver] WARN  o.e.m.c.i.embedder.EclipseLogger - Using platform encoding (Cp1252 actually) to copy filtered resources, i.e. build is platform dependent!
2022-06-27 21:17:06,506 [Worker-39: Launching Driver] INFO  o.e.m.c.i.embedder.EclipseLogger - skip non existing resourceDirectory C:\Users\Admin\Desktop\Project0\Gianmarco-Barone-main\Gianmarco-Barone-main\projects\Projectnew\src\test\resources
2022-06-27 21:18:42,740 [Worker-1: Launching Driver] WARN  o.e.m.c.i.embedder.EclipseLogger - Using platform encoding (Cp1252 actually) to copy filtered resources, i.e. build is platform dependent!
2022-06-27 21:18:42,742 [Worker-1: Launching Driver] INFO  o.e.m.c.i.embedder.EclipseLogger - skip non existing resourceDirectory C:\Users\Admin\Desktop\Project0\Gianmarco-Barone-main\Gianmarco-Barone-main\projects\Projectnew\src\main\resources
2022-06-27 21:18:42,744 [Worker-1: Launching Driver] WARN  o.e.m.c.i.embedder.EclipseLogger - Using platform encoding (Cp1252 actually) to copy filtered resources, i.e. build is platform dependent!
2022-06-27 21:18:42,746 [Worker-1: Launching Driver] INFO  o.e.m.c.i.embedder.EclipseLogger - skip non existing resourceDirectory C:\Users\Admin\Desktop\Project0\Gianmarco-Barone-main\Gianmarco-Barone-main\projects\Projectnew\src\test\resources
2022-06-27 21:19:15,377 [Worker-43: Launching Driver] WARN  o.e.m.c.i.embedder.EclipseLogger - Using platform encoding (Cp1252 actually) to copy filtered resources, i.e. build is platform dependent!
2022-06-27 21:19:15,380 [Worker-43: Launching Driver] INFO  o.e.m.c.i.embedder.EclipseLogger - skip non existing resourceDirectory C:\Users\Admin\Desktop\Project0\Gianmarco-Barone-main\Gianmarco-Barone-main\projects\Projectnew\src\main\resources
2022-06-27 21:19:15,382 [Worker-43: Launching Driver] WARN  o.e.m.c.i.embedder.EclipseLogger - Using platform encoding (Cp1252 actually) to copy filtered resources, i.e. build is platform dependent!
2022-06-27 21:19:15,383 [Worker-43: Launching Driver] INFO  o.e.m.c.i.embedder.EclipseLogger - skip non existing resourceDirectory C:\Users\Admin\Desktop\Project0\Gianmarco-Barone-main\Gianmarco-Barone-main\projects\Projectnew\src\test\resources
2022-06-27 21:37:29,358 [Worker-44: Launching Driver] WARN  o.e.m.c.i.embedder.EclipseLogger - Using platform encoding (Cp1252 actually) to copy filtered resources, i.e. build is platform dependent!
2022-06-27 21:37:29,360 [Worker-44: Launching Driver] INFO  o.e.m.c.i.embedder.EclipseLogger - skip non existing resourceDirectory C:\Users\Admin\Desktop\Project0\Gianmarco-Barone-main\Gianmarco-Barone-main\projects\Projectnew\src\main\resources
2022-06-27 21:37:29,361 [Worker-44: Launching Driver] WARN  o.e.m.c.i.embedder.EclipseLogger - Using platform encoding (Cp1252 actually) to copy filtered resources, i.e. build is platform dependent!
2022-06-27 21:37:29,362 [Worker-44: Launching Driver] INFO  o.e.m.c.i.embedder.EclipseLogger - skip non existing resourceDirectory C:\Users\Admin\Desktop\Project0\Gianmarco-Barone-main\Gianmarco-Barone-main\projects\Projectnew\src\test\resources
2022-06-27 21:42:21,800 [Worker-44: Launching Driver] WARN  o.e.m.c.i.embedder.EclipseLogger - Using platform encoding (Cp1252 actually) to copy filtered resources, i.e. build is platform dependent!
2022-06-27 21:42:21,802 [Worker-44: Launching Driver] INFO  o.e.m.c.i.embedder.EclipseLogger - skip non existing resourceDirectory C:\Users\Admin\Desktop\Project0\Gianmarco-Barone-main\Gianmarco-Barone-main\projects\Projectnew\src\main\resources
2022-06-27 21:42:21,804 [Worker-44: Launching Driver] WARN  o.e.m.c.i.embedder.EclipseLogger - Using platform encoding (Cp1252 actually) to copy filtered resources, i.e. build is platform dependent!
2022-06-27 21:42:21,805 [Worker-44: Launching Driver] INFO  o.e.m.c.i.embedder.EclipseLogger - skip non existing resourceDirectory C:\Users\Admin\Desktop\Project0\Gianmarco-Barone-main\Gianmarco-Barone-main\projects\Projectnew\src\test\resources
2022-06-27 21:48:44,732 [Worker-51: Launching Driver] WARN  o.e.m.c.i.embedder.EclipseLogger - Using platform encoding (Cp1252 actually) to copy filtered resources, i.e. build is platform dependent!
2022-06-27 21:48:44,734 [Worker-51: Launching Driver] INFO  o.e.m.c.i.embedder.EclipseLogger - skip non existing resourceDirectory C:\Users\Admin\Desktop\Project0\Gianmarco-Barone-main\Gianmarco-Barone-main\projects\Projectnew\src\main\resources
2022-06-27 21:48:44,735 [Worker-51: Launching Driver] WARN  o.e.m.c.i.embedder.EclipseLogger - Using platform encoding (Cp1252 actually) to copy filtered resources, i.e. build is platform dependent!
2022-06-27 21:48:44,736 [Worker-51: Launching Driver] INFO  o.e.m.c.i.embedder.EclipseLogger - skip non existing resourceDirectory C:\Users\Admin\Desktop\Project0\Gianmarco-Barone-main\Gianmarco-Barone-main\projects\Projectnew\src\test\resources
2022-06-27 21:53:02,072 [Worker-52: Launching Driver] WARN  o.e.m.c.i.embedder.EclipseLogger - Using platform encoding (Cp1252 actually) to copy filtered resources, i.e. build is platform dependent!
2022-06-27 21:53:02,078 [Worker-52: Launching Driver] INFO  o.e.m.c.i.embedder.EclipseLogger - skip non existing resourceDirectory C:\Users\Admin\Desktop\Project0\Gianmarco-Barone-main\Gianmarco-Barone-main\projects\Projectnew\src\main\resources
2022-06-27 21:53:02,081 [Worker-52: Launching Driver] WARN  o.e.m.c.i.embedder.EclipseLogger - Using platform encoding (Cp1252 actually) to copy filtered resources, i.e. build is platform dependent!
2022-06-27 21:53:02,082 [Worker-52: Launching Driver] INFO  o.e.m.c.i.embedder.EclipseLogger - skip non existing resourceDirectory C:\Users\Admin\Desktop\Project0\Gianmarco-Barone-main\Gianmarco-Barone-main\projects\Projectnew\src\test\resources
2022-06-27 21:56:19,241 [Worker-55: Launching Driver] WARN  o.e.m.c.i.embedder.EclipseLogger - Using platform encoding (Cp1252 actually) to copy filtered resources, i.e. build is platform dependent!
2022-06-27 21:56:19,243 [Worker-55: Launching Driver] INFO  o.e.m.c.i.embedder.EclipseLogger - skip non existing resourceDirectory C:\Users\Admin\Desktop\Project0\Gianmarco-Barone-main\Gianmarco-Barone-main\projects\Projectnew\src\main\resources
2022-06-27 21:56:19,244 [Worker-55: Launching Driver] WARN  o.e.m.c.i.embedder.EclipseLogger - Using platform encoding (Cp1252 actually) to copy filtered resources, i.e. build is platform dependent!
2022-06-27 21:56:19,244 [Worker-55: Launching Driver] INFO  o.e.m.c.i.embedder.EclipseLogger - skip non existing resourceDirectory C:\Users\Admin\Desktop\Project0\Gianmarco-Barone-main\Gianmarco-Barone-main\projects\Projectnew\src\test\resources
2022-06-27 21:58:41,922 [Worker-55: Launching Driver] WARN  o.e.m.c.i.embedder.EclipseLogger - Using platform encoding (Cp1252 actually) to copy filtered resources, i.e. build is platform dependent!
2022-06-27 21:58:41,923 [Worker-55: Launching Driver] INFO  o.e.m.c.i.embedder.EclipseLogger - skip non existing resourceDirectory C:\Users\Admin\Desktop\Project0\Gianmarco-Barone-main\Gianmarco-Barone-main\projects\Projectnew\src\main\resources
2022-06-27 21:58:41,925 [Worker-55: Launching Driver] WARN  o.e.m.c.i.embedder.EclipseLogger - Using platform encoding (Cp1252 actually) to copy filtered resources, i.e. build is platform dependent!
2022-06-27 21:58:41,926 [Worker-55: Launching Driver] INFO  o.e.m.c.i.embedder.EclipseLogger - skip non existing resourceDirectory C:\Users\Admin\Desktop\Project0\Gianmarco-Barone-main\Gianmarco-Barone-main\projects\Projectnew\src\test\resources
2022-06-27 22:05:31,188 [Worker-60: Launching Driver] WARN  o.e.m.c.i.embedder.EclipseLogger - Using platform encoding (Cp1252 actually) to copy filtered resources, i.e. build is platform dependent!
2022-06-27 22:05:31,189 [Worker-60: Launching Driver] INFO  o.e.m.c.i.embedder.EclipseLogger - skip non existing resourceDirectory C:\Users\Admin\Desktop\Project0\Gianmarco-Barone-main\Gianmarco-Barone-main\projects\Projectnew\src\main\resources
2022-06-27 22:05:31,190 [Worker-60: Launching Driver] WARN  o.e.m.c.i.embedder.EclipseLogger - Using platform encoding (Cp1252 actually) to copy filtered resources, i.e. build is platform dependent!
2022-06-27 22:05:31,191 [Worker-60: Launching Driver] INFO  o.e.m.c.i.embedder.EclipseLogger - skip non existing resourceDirectory C:\Users\Admin\Desktop\Project0\Gianmarco-Barone-main\Gianmarco-Barone-main\projects\Projectnew\src\test\resources
2022-06-27 22:13:50,227 [Worker-66: Launching Driver] WARN  o.e.m.c.i.embedder.EclipseLogger - Using platform encoding (Cp1252 actually) to copy filtered resources, i.e. build is platform dependent!
2022-06-27 22:13:50,228 [Worker-66: Launching Driver] INFO  o.e.m.c.i.embedder.EclipseLogger - skip non existing resourceDirectory C:\Users\Admin\Desktop\Project0\Gianmarco-Barone-main\Gianmarco-Barone-main\projects\Projectnew\src\main\resources
2022-06-27 22:13:50,229 [Worker-66: Launching Driver] WARN  o.e.m.c.i.embedder.EclipseLogger - Using platform encoding (Cp1252 actually) to copy filtered resources, i.e. build is platform dependent!
2022-06-27 22:13:50,230 [Worker-66: Launching Driver] INFO  o.e.m.c.i.embedder.EclipseLogger - skip non existing resourceDirectory C:\Users\Admin\Desktop\Project0\Gianmarco-Barone-main\Gianmarco-Barone-main\projects\Projectnew\src\test\resources
2022-06-27 22:14:20,999 [Worker-69: Launching Driver] WARN  o.e.m.c.i.embedder.EclipseLogger - Using platform encoding (Cp1252 actually) to copy filtered resources, i.e. build is platform dependent!
2022-06-27 22:14:21,000 [Worker-69: Launching Driver] INFO  o.e.m.c.i.embedder.EclipseLogger - skip non existing resourceDirectory C:\Users\Admin\Desktop\Project0\Gianmarco-Barone-main\Gianmarco-Barone-main\projects\Projectnew\src\main\resources
2022-06-27 22:14:21,001 [Worker-69: Launching Driver] WARN  o.e.m.c.i.embedder.EclipseLogger - Using platform encoding (Cp1252 actually) to copy filtered resources, i.e. build is platform dependent!
2022-06-27 22:14:21,003 [Worker-69: Launching Driver] INFO  o.e.m.c.i.embedder.EclipseLogger - skip non existing resourceDirectory C:\Users\Admin\Desktop\Project0\Gianmarco-Barone-main\Gianmarco-Barone-main\projects\Projectnew\src\test\resources
2022-06-27 22:19:29,792 [Worker-66: Launching Driver] WARN  o.e.m.c.i.embedder.EclipseLogger - Using platform encoding (Cp1252 actually) to copy filtered resources, i.e. build is platform dependent!
2022-06-27 22:19:29,793 [Worker-66: Launching Driver] INFO  o.e.m.c.i.embedder.EclipseLogger - skip non existing resourceDirectory C:\Users\Admin\Desktop\Project0\Gianmarco-Barone-main\Gianmarco-Barone-main\projects\Projectnew\src\main\resources
2022-06-27 22:19:29,794 [Worker-66: Launching Driver] WARN  o.e.m.c.i.embedder.EclipseLogger - Using platform encoding (Cp1252 actually) to copy filtered resources, i.e. build is platform dependent!
2022-06-27 22:19:29,796 [Worker-66: Launching Driver] INFO  o.e.m.c.i.embedder.EclipseLogger - skip non existing resourceDirectory C:\Users\Admin\Desktop\Project0\Gianmarco-Barone-main\Gianmarco-Barone-main\projects\Projectnew\src\test\resources
2022-06-27 22:21:23,521 [Worker-72: Launching Driver] WARN  o.e.m.c.i.embedder.EclipseLogger - Using platform encoding (Cp1252 actually) to copy filtered resources, i.e. build is platform dependent!
2022-06-27 22:21:23,523 [Worker-72: Launching Driver] INFO  o.e.m.c.i.embedder.EclipseLogger - skip non existing resourceDirectory C:\Users\Admin\Desktop\Project0\Gianmarco-Barone-main\Gianmarco-Barone-main\projects\Projectnew\src\main\resources
2022-06-27 22:21:23,524 [Worker-72: Launching Driver] WARN  o.e.m.c.i.embedder.EclipseLogger - Using platform encoding (Cp1252 actually) to copy filtered resources, i.e. build is platform dependent!
2022-06-27 22:21:23,525 [Worker-72: Launching Driver] INFO  o.e.m.c.i.embedder.EclipseLogger - skip non existing resourceDirectory C:\Users\Admin\Desktop\Project0\Gianmarco-Barone-main\Gianmarco-Barone-main\projects\Projectnew\src\test\resources
2022-06-27 22:22:37,256 [Worker-66: Launching Driver] WARN  o.e.m.c.i.embedder.EclipseLogger - Using platform encoding (Cp1252 actually) to copy filtered resources, i.e. build is platform dependent!
2022-06-27 22:22:37,258 [Worker-66: Launching Driver] INFO  o.e.m.c.i.embedder.EclipseLogger - skip non existing resourceDirectory C:\Users\Admin\Desktop\Project0\Gianmarco-Barone-main\Gianmarco-Barone-main\projects\Projectnew\src\main\resources
2022-06-27 22:22:37,260 [Worker-66: Launching Driver] WARN  o.e.m.c.i.embedder.EclipseLogger - Using platform encoding (Cp1252 actually) to copy filtered resources, i.e. build is platform dependent!
2022-06-27 22:22:37,261 [Worker-66: Launching Driver] INFO  o.e.m.c.i.embedder.EclipseLogger - skip non existing resourceDirectory C:\Users\Admin\Desktop\Project0\Gianmarco-Barone-main\Gianmarco-Barone-main\projects\Projectnew\src\test\resources
2022-06-27 22:24:01,031 [Worker-66: Launching Driver] WARN  o.e.m.c.i.embedder.EclipseLogger - Using platform encoding (Cp1252 actually) to copy filtered resources, i.e. build is platform dependent!
2022-06-27 22:24:01,032 [Worker-66: Launching Driver] INFO  o.e.m.c.i.embedder.EclipseLogger - skip non existing resourceDirectory C:\Users\Admin\Desktop\Project0\Gianmarco-Barone-main\Gianmarco-Barone-main\projects\Projectnew\src\main\resources
2022-06-27 22:24:01,034 [Worker-66: Launching Driver] WARN  o.e.m.c.i.embedder.EclipseLogger - Using platform encoding (Cp1252 actually) to copy filtered resources, i.e. build is platform dependent!
2022-06-27 22:24:01,035 [Worker-66: Launching Driver] INFO  o.e.m.c.i.embedder.EclipseLogger - skip non existing resourceDirectory C:\Users\Admin\Desktop\Project0\Gianmarco-Barone-main\Gianmarco-Barone-main\projects\Projectnew\src\test\resources
2022-06-27 22:29:35,923 [Worker-76: Launching Driver] WARN  o.e.m.c.i.embedder.EclipseLogger - Using platform encoding (Cp1252 actually) to copy filtered resources, i.e. build is platform dependent!
2022-06-27 22:29:35,924 [Worker-76: Launching Driver] INFO  o.e.m.c.i.embedder.EclipseLogger - skip non existing resourceDirectory C:\Users\Admin\Desktop\Project0\Gianmarco-Barone-main\Gianmarco-Barone-main\projects\Projectnew\src\main\resources
2022-06-27 22:29:35,925 [Worker-76: Launching Driver] WARN  o.e.m.c.i.embedder.EclipseLogger - Using platform encoding (Cp1252 actually) to copy filtered resources, i.e. build is platform dependent!
2022-06-27 22:29:35,927 [Worker-76: Launching Driver] INFO  o.e.m.c.i.embedder.EclipseLogger - skip non existing resourceDirectory C:\Users\Admin\Desktop\Project0\Gianmarco-Barone-main\Gianmarco-Barone-main\projects\Projectnew\src\test\resources
2022-06-27 22:35:53,001 [Worker-81: Launching Driver] WARN  o.e.m.c.i.embedder.EclipseLogger - Using platform encoding (Cp1252 actually) to copy filtered resources, i.e. build is platform dependent!
2022-06-27 22:35:53,002 [Worker-81: Launching Driver] INFO  o.e.m.c.i.embedder.EclipseLogger - skip non existing resourceDirectory C:\Users\Admin\Desktop\Project0\Gianmarco-Barone-main\Gianmarco-Barone-main\projects\Projectnew\src\main\resources
2022-06-27 22:35:53,003 [Worker-81: Launching Driver] WARN  o.e.m.c.i.embedder.EclipseLogger - Using platform encoding (Cp1252 actually) to copy filtered resources, i.e. build is platform dependent!
2022-06-27 22:35:53,004 [Worker-81: Launching Driver] INFO  o.e.m.c.i.embedder.EclipseLogger - skip non existing resourceDirectory C:\Users\Admin\Desktop\Project0\Gianmarco-Barone-main\Gianmarco-Barone-main\projects\Projectnew\src\test\resources
2022-06-27 22:36:35,302 [Worker-79: Launching Driver] WARN  o.e.m.c.i.embedder.EclipseLogger - Using platform encoding (Cp1252 actually) to copy filtered resources, i.e. build is platform dependent!
2022-06-27 22:36:35,303 [Worker-79: Launching Driver] INFO  o.e.m.c.i.embedder.EclipseLogger - skip non existing resourceDirectory C:\Users\Admin\Desktop\Project0\Gianmarco-Barone-main\Gianmarco-Barone-main\projects\Projectnew\src\main\resources
2022-06-27 22:36:35,304 [Worker-79: Launching Driver] WARN  o.e.m.c.i.embedder.EclipseLogger - Using platform encoding (Cp1252 actually) to copy filtered resources, i.e. build is platform dependent!
2022-06-27 22:36:35,305 [Worker-79: Launching Driver] INFO  o.e.m.c.i.embedder.EclipseLogger - skip non existing resourceDirectory C:\Users\Admin\Desktop\Project0\Gianmarco-Barone-main\Gianmarco-Barone-main\projects\Projectnew\src\test\resources
2022-06-27 22:38:48,121 [Worker-85: Launching Driver] WARN  o.e.m.c.i.embedder.EclipseLogger - Using platform encoding (Cp1252 actually) to copy filtered resources, i.e. build is platform dependent!
2022-06-27 22:38:48,123 [Worker-85: Launching Driver] INFO  o.e.m.c.i.embedder.EclipseLogger - skip non existing resourceDirectory C:\Users\Admin\Desktop\Project0\Gianmarco-Barone-main\Gianmarco-Barone-main\projects\Projectnew\src\main\resources
2022-06-27 22:38:48,124 [Worker-85: Launching Driver] WARN  o.e.m.c.i.embedder.EclipseLogger - Using platform encoding (Cp1252 actually) to copy filtered resources, i.e. build is platform dependent!
2022-06-27 22:38:48,125 [Worker-85: Launching Driver] INFO  o.e.m.c.i.embedder.EclipseLogger - skip non existing resourceDirectory C:\Users\Admin\Desktop\Project0\Gianmarco-Barone-main\Gianmarco-Barone-main\projects\Projectnew\src\test\resources
2022-06-27 22:43:31,925 [Worker-89: Building] WARN  o.e.m.c.i.embedder.EclipseLogger - Using platform encoding (Cp1252 actually) to copy filtered resources, i.e. build is platform dependent!
2022-06-27 22:43:31,926 [Worker-89: Building] INFO  o.e.m.c.i.embedder.EclipseLogger - skip non existing resourceDirectory C:\Users\Admin\Desktop\Project0\Gianmarco-Barone-main\Gianmarco-Barone-main\projects\Projectnew\src\main\resources
2022-06-27 22:43:31,927 [Worker-89: Building] WARN  o.e.m.c.i.embedder.EclipseLogger - Using platform encoding (Cp1252 actually) to copy filtered resources, i.e. build is platform dependent!
2022-06-27 22:43:31,928 [Worker-89: Building] INFO  o.e.m.c.i.embedder.EclipseLogger - skip non existing resourceDirectory C:\Users\Admin\Desktop\Project0\Gianmarco-Barone-main\Gianmarco-Barone-main\projects\Projectnew\src\test\resources
2022-06-27 22:45:18,945 [Worker-87: Launching Driver] WARN  o.e.m.c.i.embedder.EclipseLogger - Using platform encoding (Cp1252 actually) to copy filtered resources, i.e. build is platform dependent!
2022-06-27 22:45:18,946 [Worker-87: Launching Driver] INFO  o.e.m.c.i.embedder.EclipseLogger - skip non existing resourceDirectory C:\Users\Admin\Desktop\Project0\Gianmarco-Barone-main\Gianmarco-Barone-main\projects\Projectnew\src\main\resources
2022-06-27 22:45:18,947 [Worker-87: Launching Driver] WARN  o.e.m.c.i.embedder.EclipseLogger - Using platform encoding (Cp1252 actually) to copy filtered resources, i.e. build is platform dependent!
2022-06-27 22:45:18,948 [Worker-87: Launching Driver] INFO  o.e.m.c.i.embedder.EclipseLogger - skip non existing resourceDirectory C:\Users\Admin\Desktop\Project0\Gianmarco-Barone-main\Gianmarco-Barone-main\projects\Projectnew\src\test\resources
2022-06-27 22:46:37,614 [Worker-88: Launching Driver] WARN  o.e.m.c.i.embedder.EclipseLogger - Using platform encoding (Cp1252 actually) to copy filtered resources, i.e. build is platform dependent!
2022-06-27 22:46:37,616 [Worker-88: Launching Driver] INFO  o.e.m.c.i.embedder.EclipseLogger - skip non existing resourceDirectory C:\Users\Admin\Desktop\Project0\Gianmarco-Barone-main\Gianmarco-Barone-main\projects\Projectnew\src\main\resources
2022-06-27 22:46:37,616 [Worker-88: Launching Driver] WARN  o.e.m.c.i.embedder.EclipseLogger - Using platform encoding (Cp1252 actually) to copy filtered resources, i.e. build is platform dependent!
2022-06-27 22:46:37,617 [Worker-88: Launching Driver] INFO  o.e.m.c.i.embedder.EclipseLogger - skip non existing resourceDirectory C:\Users\Admin\Desktop\Project0\Gianmarco-Barone-main\Gianmarco-Barone-main\projects\Projectnew\src\test\resources
2022-06-27 22:48:26,709 [Worker-88: Launching Driver] WARN  o.e.m.c.i.embedder.EclipseLogger - Using platform encoding (Cp1252 actually) to copy filtered resources, i.e. build is platform dependent!
2022-06-27 22:48:26,711 [Worker-88: Launching Driver] INFO  o.e.m.c.i.embedder.EclipseLogger - skip non existing resourceDirectory C:\Users\Admin\Desktop\Project0\Gianmarco-Barone-main\Gianmarco-Barone-main\projects\Projectnew\src\main\resources
2022-06-27 22:48:26,713 [Worker-88: Launching Driver] WARN  o.e.m.c.i.embedder.EclipseLogger - Using platform encoding (Cp1252 actually) to copy filtered resources, i.e. build is platform dependent!
2022-06-27 22:48:26,714 [Worker-88: Launching Driver] INFO  o.e.m.c.i.embedder.EclipseLogger - skip non existing resourceDirectory C:\Users\Admin\Desktop\Project0\Gianmarco-Barone-main\Gianmarco-Barone-main\projects\Projectnew\src\test\resources
2022-06-27 22:52:16,647 [Worker-85: Launching Driver] WARN  o.e.m.c.i.embedder.EclipseLogger - Using platform encoding (Cp1252 actually) to copy filtered resources, i.e. build is platform dependent!
2022-06-27 22:52:16,648 [Worker-85: Launching Driver] INFO  o.e.m.c.i.embedder.EclipseLogger - skip non existing resourceDirectory C:\Users\Admin\Desktop\Project0\Gianmarco-Barone-main\Gianmarco-Barone-main\projects\Projectnew\src\main\resources
2022-06-27 22:52:16,649 [Worker-85: Launching Driver] WARN  o.e.m.c.i.embedder.EclipseLogger - Using platform encoding (Cp1252 actually) to copy filtered resources, i.e. build is platform dependent!
2022-06-27 22:52:16,650 [Worker-85: Launching Driver] INFO  o.e.m.c.i.embedder.EclipseLogger - skip non existing resourceDirectory C:\Users\Admin\Desktop\Project0\Gianmarco-Barone-main\Gianmarco-Barone-main\projects\Projectnew\src\test\resources
2022-06-27 22:53:37,664 [Worker-92: Launching Driver] WARN  o.e.m.c.i.embedder.EclipseLogger - Using platform encoding (Cp1252 actually) to copy filtered resources, i.e. build is platform dependent!
2022-06-27 22:53:37,666 [Worker-92: Launching Driver] INFO  o.e.m.c.i.embedder.EclipseLogger - skip non existing resourceDirectory C:\Users\Admin\Desktop\Project0\Gianmarco-Barone-main\Gianmarco-Barone-main\projects\Projectnew\src\main\resources
2022-06-27 22:53:37,667 [Worker-92: Launching Driver] WARN  o.e.m.c.i.embedder.EclipseLogger - Using platform encoding (Cp1252 actually) to copy filtered resources, i.e. build is platform dependent!
2022-06-27 22:53:37,668 [Worker-92: Launching Driver] INFO  o.e.m.c.i.embedder.EclipseLogger - skip non existing resourceDirectory C:\Users\Admin\Desktop\Project0\Gianmarco-Barone-main\Gianmarco-Barone-main\projects\Projectnew\src\test\resources
2022-06-27 22:56:51,252 [Worker-85: Launching Driver] WARN  o.e.m.c.i.embedder.EclipseLogger - Using platform encoding (Cp1252 actually) to copy filtered resources, i.e. build is platform dependent!
2022-06-27 22:56:51,254 [Worker-85: Launching Driver] INFO  o.e.m.c.i.embedder.EclipseLogger - skip non existing resourceDirectory C:\Users\Admin\Desktop\Project0\Gianmarco-Barone-main\Gianmarco-Barone-main\projects\Projectnew\src\main\resources
2022-06-27 22:56:51,255 [Worker-85: Launching Driver] WARN  o.e.m.c.i.embedder.EclipseLogger - Using platform encoding (Cp1252 actually) to copy filtered resources, i.e. build is platform dependent!
2022-06-27 22:56:51,256 [Worker-85: Launching Driver] INFO  o.e.m.c.i.embedder.EclipseLogger - skip non existing resourceDirectory C:\Users\Admin\Desktop\Project0\Gianmarco-Barone-main\Gianmarco-Barone-main\projects\Projectnew\src\test\resources
2022-06-27 22:57:46,334 [Worker-95: Launching Driver] WARN  o.e.m.c.i.embedder.EclipseLogger - Using platform encoding (Cp1252 actually) to copy filtered resources, i.e. build is platform dependent!
2022-06-27 22:57:46,335 [Worker-95: Launching Driver] INFO  o.e.m.c.i.embedder.EclipseLogger - skip non existing resourceDirectory C:\Users\Admin\Desktop\Project0\Gianmarco-Barone-main\Gianmarco-Barone-main\projects\Projectnew\src\main\resources
2022-06-27 22:57:46,336 [Worker-95: Launching Driver] WARN  o.e.m.c.i.embedder.EclipseLogger - Using platform encoding (Cp1252 actually) to copy filtered resources, i.e. build is platform dependent!
2022-06-27 22:57:46,338 [Worker-95: Launching Driver] INFO  o.e.m.c.i.embedder.EclipseLogger - skip non existing resourceDirectory C:\Users\Admin\Desktop\Project0\Gianmarco-Barone-main\Gianmarco-Barone-main\projects\Projectnew\src\test\resources
2022-06-27 22:58:56,872 [Worker-97: Launching Driver] WARN  o.e.m.c.i.embedder.EclipseLogger - Using platform encoding (Cp1252 actually) to copy filtered resources, i.e. build is platform dependent!
2022-06-27 22:58:56,873 [Worker-97: Launching Driver] INFO  o.e.m.c.i.embedder.EclipseLogger - skip non existing resourceDirectory C:\Users\Admin\Desktop\Project0\Gianmarco-Barone-main\Gianmarco-Barone-main\projects\Projectnew\src\main\resources
2022-06-27 22:58:56,875 [Worker-97: Launching Driver] WARN  o.e.m.c.i.embedder.EclipseLogger - Using platform encoding (Cp1252 actually) to copy filtered resources, i.e. build is platform dependent!
2022-06-27 22:58:56,876 [Worker-97: Launching Driver] INFO  o.e.m.c.i.embedder.EclipseLogger - skip non existing resourceDirectory C:\Users\Admin\Desktop\Project0\Gianmarco-Barone-main\Gianmarco-Barone-main\projects\Projectnew\src\test\resources
2022-06-27 23:00:57,958 [Worker-92: Launching Driver] WARN  o.e.m.c.i.embedder.EclipseLogger - Using platform encoding (Cp1252 actually) to copy filtered resources, i.e. build is platform dependent!
2022-06-27 23:00:57,959 [Worker-92: Launching Driver] INFO  o.e.m.c.i.embedder.EclipseLogger - skip non existing resourceDirectory C:\Users\Admin\Desktop\Project0\Gianmarco-Barone-main\Gianmarco-Barone-main\projects\Projectnew\src\main\resources
2022-06-27 23:00:57,960 [Worker-92: Launching Driver] WARN  o.e.m.c.i.embedder.EclipseLogger - Using platform encoding (Cp1252 actually) to copy filtered resources, i.e. build is platform dependent!
2022-06-27 23:00:57,961 [Worker-92: Launching Driver] INFO  o.e.m.c.i.embedder.EclipseLogger - skip non existing resourceDirectory C:\Users\Admin\Desktop\Project0\Gianmarco-Barone-main\Gianmarco-Barone-main\projects\Projectnew\src\test\resources
2022-06-27 23:05:14,751 [Worker-97: Launching Driver] WARN  o.e.m.c.i.embedder.EclipseLogger - Using platform encoding (Cp1252 actually) to copy filtered resources, i.e. build is platform dependent!
2022-06-27 23:05:14,753 [Worker-97: Launching Driver] INFO  o.e.m.c.i.embedder.EclipseLogger - skip non existing resourceDirectory C:\Users\Admin\Desktop\Project0\Gianmarco-Barone-main\Gianmarco-Barone-main\projects\Projectnew\src\main\resources
2022-06-27 23:05:14,754 [Worker-97: Launching Driver] WARN  o.e.m.c.i.embedder.EclipseLogger - Using platform encoding (Cp1252 actually) to copy filtered resources, i.e. build is platform dependent!
2022-06-27 23:05:14,756 [Worker-97: Launching Driver] INFO  o.e.m.c.i.embedder.EclipseLogger - skip non existing resourceDirectory C:\Users\Admin\Desktop\Project0\Gianmarco-Barone-main\Gianmarco-Barone-main\projects\Projectnew\src\test\resources
2022-06-27 23:06:12,147 [Worker-97: Launching Driver] WARN  o.e.m.c.i.embedder.EclipseLogger - Using platform encoding (Cp1252 actually) to copy filtered resources, i.e. build is platform dependent!
2022-06-27 23:06:12,148 [Worker-97: Launching Driver] INFO  o.e.m.c.i.embedder.EclipseLogger - skip non existing resourceDirectory C:\Users\Admin\Desktop\Project0\Gianmarco-Barone-main\Gianmarco-Barone-main\projects\Projectnew\src\main\resources
2022-06-27 23:06:12,149 [Worker-97: Launching Driver] WARN  o.e.m.c.i.embedder.EclipseLogger - Using platform encoding (Cp1252 actually) to copy filtered resources, i.e. build is platform dependent!
2022-06-27 23:06:12,150 [Worker-97: Launching Driver] INFO  o.e.m.c.i.embedder.EclipseLogger - skip non existing resourceDirectory C:\Users\Admin\Desktop\Project0\Gianmarco-Barone-main\Gianmarco-Barone-main\projects\Projectnew\src\test\resources
2022-06-27 23:08:42,541 [Worker-104: Launching Driver] WARN  o.e.m.c.i.embedder.EclipseLogger - Using platform encoding (Cp1252 actually) to copy filtered resources, i.e. build is platform dependent!
2022-06-27 23:08:42,542 [Worker-104: Launching Driver] INFO  o.e.m.c.i.embedder.EclipseLogger - skip non existing resourceDirectory C:\Users\Admin\Desktop\Project0\Gianmarco-Barone-main\Gianmarco-Barone-main\projects\Projectnew\src\main\resources
2022-06-27 23:08:42,543 [Worker-104: Launching Driver] WARN  o.e.m.c.i.embedder.EclipseLogger - Using platform encoding (Cp1252 actually) to copy filtered resources, i.e. build is platform dependent!
2022-06-27 23:08:42,545 [Worker-104: Launching Driver] INFO  o.e.m.c.i.embedder.EclipseLogger - skip non existing resourceDirectory C:\Users\Admin\Desktop\Project0\Gianmarco-Barone-main\Gianmarco-Barone-main\projects\Projectnew\src\test\resources
2022-06-27 23:11:23,911 [Worker-109: Launching Driver] WARN  o.e.m.c.i.embedder.EclipseLogger - Using platform encoding (Cp1252 actually) to copy filtered resources, i.e. build is platform dependent!
2022-06-27 23:11:23,912 [Worker-109: Launching Driver] INFO  o.e.m.c.i.embedder.EclipseLogger - skip non existing resourceDirectory C:\Users\Admin\Desktop\Project0\Gianmarco-Barone-main\Gianmarco-Barone-main\projects\Projectnew\src\main\resources
2022-06-27 23:11:23,914 [Worker-109: Launching Driver] WARN  o.e.m.c.i.embedder.EclipseLogger - Using platform encoding (Cp1252 actually) to copy filtered resources, i.e. build is platform dependent!
2022-06-27 23:11:23,915 [Worker-109: Launching Driver] INFO  o.e.m.c.i.embedder.EclipseLogger - skip non existing resourceDirectory C:\Users\Admin\Desktop\Project0\Gianmarco-Barone-main\Gianmarco-Barone-main\projects\Projectnew\src\test\resources
2022-06-27 23:12:02,081 [Worker-109: Launching Driver] WARN  o.e.m.c.i.embedder.EclipseLogger - Using platform encoding (Cp1252 actually) to copy filtered resources, i.e. build is platform dependent!
2022-06-27 23:12:02,082 [Worker-109: Launching Driver] INFO  o.e.m.c.i.embedder.EclipseLogger - skip non existing resourceDirectory C:\Users\Admin\Desktop\Project0\Gianmarco-Barone-main\Gianmarco-Barone-main\projects\Projectnew\src\main\resources
2022-06-27 23:12:02,083 [Worker-109: Launching Driver] WARN  o.e.m.c.i.embedder.EclipseLogger - Using platform encoding (Cp1252 actually) to copy filtered resources, i.e. build is platform dependent!
2022-06-27 23:12:02,084 [Worker-109: Launching Driver] INFO  o.e.m.c.i.embedder.EclipseLogger - skip non existing resourceDirectory C:\Users\Admin\Desktop\Project0\Gianmarco-Barone-main\Gianmarco-Barone-main\projects\Projectnew\src\test\resources
2022-06-27 23:12:23,968 [Worker-109: Launching Driver] WARN  o.e.m.c.i.embedder.EclipseLogger - Using platform encoding (Cp1252 actually) to copy filtered resources, i.e. build is platform dependent!
2022-06-27 23:12:23,970 [Worker-109: Launching Driver] INFO  o.e.m.c.i.embedder.EclipseLogger - skip non existing resourceDirectory C:\Users\Admin\Desktop\Project0\Gianmarco-Barone-main\Gianmarco-Barone-main\projects\Projectnew\src\main\resources
2022-06-27 23:12:23,971 [Worker-109: Launching Driver] WARN  o.e.m.c.i.embedder.EclipseLogger - Using platform encoding (Cp1252 actually) to copy filtered resources, i.e. build is platform dependent!
2022-06-27 23:12:23,972 [Worker-109: Launching Driver] INFO  o.e.m.c.i.embedder.EclipseLogger - skip non existing resourceDirectory C:\Users\Admin\Desktop\Project0\Gianmarco-Barone-main\Gianmarco-Barone-main\projects\Projectnew\src\test\resources
2022-06-27 23:14:14,195 [Worker-111: Launching Driver] WARN  o.e.m.c.i.embedder.EclipseLogger - Using platform encoding (Cp1252 actually) to copy filtered resources, i.e. build is platform dependent!
2022-06-27 23:14:14,196 [Worker-111: Launching Driver] INFO  o.e.m.c.i.embedder.EclipseLogger - skip non existing resourceDirectory C:\Users\Admin\Desktop\Project0\Gianmarco-Barone-main\Gianmarco-Barone-main\projects\Projectnew\src\main\resources
2022-06-27 23:14:14,198 [Worker-111: Launching Driver] WARN  o.e.m.c.i.embedder.EclipseLogger - Using platform encoding (Cp1252 actually) to copy filtered resources, i.e. build is platform dependent!
2022-06-27 23:14:14,199 [Worker-111: Launching Driver] INFO  o.e.m.c.i.embedder.EclipseLogger - skip non existing resourceDirectory C:\Users\Admin\Desktop\Project0\Gianmarco-Barone-main\Gianmarco-Barone-main\projects\Projectnew\src\test\resources
2022-06-27 23:15:47,290 [Worker-113: Launching Driver] WARN  o.e.m.c.i.embedder.EclipseLogger - Using platform encoding (Cp1252 actually) to copy filtered resources, i.e. build is platform dependent!
2022-06-27 23:15:47,291 [Worker-113: Launching Driver] INFO  o.e.m.c.i.embedder.EclipseLogger - skip non existing resourceDirectory C:\Users\Admin\Desktop\Project0\Gianmarco-Barone-main\Gianmarco-Barone-main\projects\Projectnew\src\main\resources
2022-06-27 23:15:47,292 [Worker-113: Launching Driver] WARN  o.e.m.c.i.embedder.EclipseLogger - Using platform encoding (Cp1252 actually) to copy filtered resources, i.e. build is platform dependent!
2022-06-27 23:15:47,293 [Worker-113: Launching Driver] INFO  o.e.m.c.i.embedder.EclipseLogger - skip non existing resourceDirectory C:\Users\Admin\Desktop\Project0\Gianmarco-Barone-main\Gianmarco-Barone-main\projects\Projectnew\src\test\resources
2022-06-27 23:18:34,638 [Worker-106: Launching Driver] WARN  o.e.m.c.i.embedder.EclipseLogger - Using platform encoding (Cp1252 actually) to copy filtered resources, i.e. build is platform dependent!
2022-06-27 23:18:34,640 [Worker-106: Launching Driver] INFO  o.e.m.c.i.embedder.EclipseLogger - skip non existing resourceDirectory C:\Users\Admin\Desktop\Project0\Gianmarco-Barone-main\Gianmarco-Barone-main\projects\Projectnew\src\main\resources
2022-06-27 23:18:34,640 [Worker-106: Launching Driver] WARN  o.e.m.c.i.embedder.EclipseLogger - Using platform encoding (Cp1252 actually) to copy filtered resources, i.e. build is platform dependent!
2022-06-27 23:18:34,641 [Worker-106: Launching Driver] INFO  o.e.m.c.i.embedder.EclipseLogger - skip non existing resourceDirectory C:\Users\Admin\Desktop\Project0\Gianmarco-Barone-main\Gianmarco-Barone-main\projects\Projectnew\src\test\resources
2022-06-27 23:20:11,843 [Worker-106: Building] WARN  o.e.m.c.i.embedder.EclipseLogger - Using platform encoding (Cp1252 actually) to copy filtered resources, i.e. build is platform dependent!
2022-06-27 23:20:11,847 [Worker-106: Building] INFO  o.e.m.c.i.embedder.EclipseLogger - skip non existing resourceDirectory C:\Users\Admin\Desktop\Project0\Gianmarco-Barone-main\Gianmarco-Barone-main\projects\Projectnew\src\main\resources
2022-06-27 23:20:11,849 [Worker-106: Building] WARN  o.e.m.c.i.embedder.EclipseLogger - Using platform encoding (Cp1252 actually) to copy filtered resources, i.e. build is platform dependent!
2022-06-27 23:20:11,850 [Worker-106: Building] INFO  o.e.m.c.i.embedder.EclipseLogger - skip non existing resourceDirectory C:\Users\Admin\Desktop\Project0\Gianmarco-Barone-main\Gianmarco-Barone-main\projects\Projectnew\src\test\resources
2022-06-27 23:23:06,865 [Worker-106: Building] WARN  o.e.m.c.i.embedder.EclipseLogger - Using platform encoding (Cp1252 actually) to copy filtered resources, i.e. build is platform dependent!
2022-06-27 23:23:06,866 [Worker-106: Building] INFO  o.e.m.c.i.embedder.EclipseLogger - skip non existing resourceDirectory C:\Users\Admin\Desktop\Project0\Gianmarco-Barone-main\Gianmarco-Barone-main\projects\Projectnew\src\main\resources
2022-06-27 23:23:06,867 [Worker-106: Building] WARN  o.e.m.c.i.embedder.EclipseLogger - Using platform encoding (Cp1252 actually) to copy filtered resources, i.e. build is platform dependent!
2022-06-27 23:23:06,868 [Worker-106: Building] INFO  o.e.m.c.i.embedder.EclipseLogger - skip non existing resourceDirectory C:\Users\Admin\Desktop\Project0\Gianmarco-Barone-main\Gianmarco-Barone-main\projects\Projectnew\src\test\resources
